0 info it worked if it ends with ok
1 verbose cli [ '/Users/Matze/.nvm/versions/node/v5.6.0/bin/node',
1 verbose cli   '/Users/Matze/.nvm/versions/node/v5.6.0/bin/npm',
1 verbose cli   'run',
1 verbose cli   'create',
1 verbose cli   'stories' ]
2 info using npm@3.6.0
3 info using node@v5.6.0
4 verbose stack Error: missing script: create
4 verbose stack     at run (/Users/Matze/.nvm/versions/node/v5.6.0/lib/node_modules/npm/lib/run-script.js:147:19)
4 verbose stack     at /Users/Matze/.nvm/versions/node/v5.6.0/lib/node_modules/npm/lib/run-script.js:57:5
4 verbose stack     at /Users/Matze/.nvm/versions/node/v5.6.0/lib/node_modules/npm/node_modules/read-package-json/read-json.js:345:5
4 verbose stack     at checkBinReferences_ (/Users/Matze/.nvm/versions/node/v5.6.0/lib/node_modules/npm/node_modules/read-package-json/read-json.js:309:45)
4 verbose stack     at final (/Users/Matze/.nvm/versions/node/v5.6.0/lib/node_modules/npm/node_modules/read-package-json/read-json.js:343:3)
4 verbose stack     at then (/Users/Matze/.nvm/versions/node/v5.6.0/lib/node_modules/npm/node_modules/read-package-json/read-json.js:113:5)
4 verbose stack     at ReadFileContext.<anonymous> (/Users/Matze/.nvm/versions/node/v5.6.0/lib/node_modules/npm/node_modules/read-package-json/read-json.js:284:20)
4 verbose stack     at ReadFileContext.callback (/Users/Matze/.nvm/versions/node/v5.6.0/lib/node_modules/npm/node_modules/graceful-fs/graceful-fs.js:76:16)
4 verbose stack     at FSReqWrap.readFileAfterOpen [as oncomplete] (fs.js:324:13)
5 verbose cwd /Users/Matze/Documents/code/html-boilerplate
6 error Darwin 15.6.0
7 error argv "/Users/Matze/.nvm/versions/node/v5.6.0/bin/node" "/Users/Matze/.nvm/versions/node/v5.6.0/bin/npm" "run" "create" "stories"
8 error node v5.6.0
9 error npm  v3.6.0
10 error missing script: create
11 error If you need help, you may report this error at:
11 error     <https://github.com/npm/npm/issues>
12 verbose exit [ 1, true ]
